2023-Nov-11 09:17:34,185 [main] com.StepDefinitions.TestCaseStepDefinitions 
  ERROR Title is =Falcon 9
2023-Nov-11 09:17:34,343 [main] com.StepDefinitions.TestCaseStepDefinitions 
  INFO  Product Price is: 50.00€
2023-Nov-11 09:17:34,596 [main] com.StepDefinitions.TestCaseStepDefinitions 
  INFO  Product Price is: 
2023-Nov-11 09:18:42,787 [main] com.StepDefinitions.TestCaseStepDefinitions 
  ERROR Title is =Falcon 9
2023-Nov-11 09:18:42,849 [main] com.StepDefinitions.TestCaseStepDefinitions 
  INFO  Product Price is: 50.00€
2023-Nov-11 09:18:42,914 [main] com.StepDefinitions.TestCaseStepDefinitions 
  INFO  Product Price is: 
2023-Nov-11 09:19:00,157 [main] com.StepDefinitions.TestCaseStepDefinitions 
  INFO  Thank you. Your order has been received.	
2023-Nov-11 09:19:00,263 [main] com.StepDefinitions.TestCaseStepDefinitions 
  INFO  Order number is: 5733
2023-Nov-11 09:19:00,566 [main] com.StepDefinitions.TestCaseStepDefinitions 
  INFO  Date is: November 11, 2023
2023-Nov-11 09:19:00,645 [main] com.StepDefinitions.TestCaseStepDefinitions 
  INFO  Total price is: 50.00€
2023-Nov-11 09:19:00,901 [AsyncHttpClient-1-4] org.asynchttpclient.netty.handler.WebSocketHandler 
  WARN  onError
java.net.SocketException: Connection reset
	at java.base/sun.nio.ch.SocketChannelImpl.throwConnectionReset(SocketChannelImpl.java:394)
	at java.base/sun.nio.ch.SocketChannelImpl.read(SocketChannelImpl.java:426)
	at io.netty.buffer.PooledByteBuf.setBytes(PooledByteBuf.java:256)
	at io.netty.buffer.AbstractByteBuf.writeBytes(AbstractByteBuf.java:1132)
	at io.netty.channel.socket.nio.NioSocketChannel.doReadBytes(NioSocketChannel.java:357)
	at io.netty.channel.nio.AbstractNioByteChannel$NioByteUnsafe.read(AbstractNioByteChannel.java:151)
	at io.netty.channel.nio.NioEventLoop.processSelectedKey(NioEventLoop.java:788)
	at io.netty.channel.nio.NioEventLoop.processSelectedKeysOptimized(NioEventLoop.java:724)
	at io.netty.channel.nio.NioEventLoop.processSelectedKeys(NioEventLoop.java:650)
	at io.netty.channel.nio.NioEventLoop.run(NioEventLoop.java:562)
	at io.netty.util.concurrent.SingleThreadEventExecutor$4.run(SingleThreadEventExecutor.java:997)
	at io.netty.util.internal.ThreadExecutorMap$2.run(ThreadExecutorMap.java:74)
	at io.netty.util.concurrent.FastThreadLocalRunnable.run(FastThreadLocalRunnable.java:30)
	at java.base/java.lang.Thread.run(Thread.java:831)
2023-Nov-11 09:19:16,071 [main] com.StepDefinitions.TestCaseStepDefinitions 
  ERROR Title is =Falcon 9
2023-Nov-11 09:19:16,137 [main] com.StepDefinitions.TestCaseStepDefinitions 
  INFO  Product Price is: 50.00€
2023-Nov-11 09:19:16,189 [main] com.StepDefinitions.TestCaseStepDefinitions 
  INFO  Product Price is: 
2023-Nov-11 09:19:22,371 [AsyncHttpClient-1-4] org.asynchttpclient.netty.handler.WebSocketHandler 
  WARN  onError
java.net.SocketException: Connection reset
	at java.base/sun.nio.ch.SocketChannelImpl.throwConnectionReset(SocketChannelImpl.java:394)
	at java.base/sun.nio.ch.SocketChannelImpl.read(SocketChannelImpl.java:426)
	at io.netty.buffer.PooledByteBuf.setBytes(PooledByteBuf.java:256)
	at io.netty.buffer.AbstractByteBuf.writeBytes(AbstractByteBuf.java:1132)
	at io.netty.channel.socket.nio.NioSocketChannel.doReadBytes(NioSocketChannel.java:357)
	at io.netty.channel.nio.AbstractNioByteChannel$NioByteUnsafe.read(AbstractNioByteChannel.java:151)
	at io.netty.channel.nio.NioEventLoop.processSelectedKey(NioEventLoop.java:788)
	at io.netty.channel.nio.NioEventLoop.processSelectedKeysOptimized(NioEventLoop.java:724)
	at io.netty.channel.nio.NioEventLoop.processSelectedKeys(NioEventLoop.java:650)
	at io.netty.channel.nio.NioEventLoop.run(NioEventLoop.java:562)
	at io.netty.util.concurrent.SingleThreadEventExecutor$4.run(SingleThreadEventExecutor.java:997)
	at io.netty.util.internal.ThreadExecutorMap$2.run(ThreadExecutorMap.java:74)
	at io.netty.util.concurrent.FastThreadLocalRunnable.run(FastThreadLocalRunnable.java:30)
	at java.base/java.lang.Thread.run(Thread.java:831)
2023-Nov-11 09:19:38,683 [main] com.StepDefinitions.TestCaseStepDefinitions 
  ERROR Title is =Falcon 9
2023-Nov-11 09:19:38,733 [main] com.StepDefinitions.TestCaseStepDefinitions 
  INFO  Product Price is: 50.00€
2023-Nov-11 09:19:38,789 [main] com.StepDefinitions.TestCaseStepDefinitions 
  INFO  Product Price is: 
